{"C:\\Users\\crd\\github\\ConvertisseurSalaireVueJS\\src\\main.js": {"path":"C:\\Users\\crd\\github\\ConvertisseurSalaireVueJS\\src\\main.js","statementMap":{"0":{"start":{"line":12,"column":0},"end":{"line":12,"column":64}},"1":{"start":{"line":14,"column":0},"end":{"line":14,"column":18}},"2":{"start":{"line":15,"column":0},"end":{"line":15,"column":21}},"3":{"start":{"line":16,"column":0},"end":{"line":16,"column":16}},"4":{"start":{"line":17,"column":0},"end":{"line":17,"column":51}},"5":{"start":{"line":22,"column":0},"end":{"line":22,"column":32}},"6":{"start":{"line":24,"column":15},"end":{"line":27,"column":2}},"7":{"start":{"line":29,"column":17},"end":{"line":29,"column":28}},"8":{"start":{"line":31,"column":13},"end":{"line":35,"column":2}},"9":{"start":{"line":37,"column":19},"end":{"line":37,"column":28}},"10":{"start":{"line":39,"column":0},"end":{"line":44,"column":17}},"11":{"start":{"line":42,"column":15},"end":{"line":42,"column":21}}},"fnMap":{"0":{"name":"(anonymous_0)","decl":{"start":{"line":42,"column":10},"end":{"line":42,"column":11}},"loc":{"start":{"line":42,"column":15},"end":{"line":42,"column":21}},"line":42}},"branchMap":{},"s":{"0":1,"1":1,"2":1,"3":1,"4":1,"5":1,"6":1,"7":1,"8":1,"9":1,"10":1,"11":2},"f":{"0":2},"b":{},"_coverageSchema":"1a1c01bbd47fc00a2c39e90264f33305004495a9","hash":"2c8045f1f65a81ae3696a5491c6c6703309bfc9f"}
,"C:\\Users\\crd\\github\\ConvertisseurSalaireVueJS\\src\\routes.js": {"path":"C:\\Users\\crd\\github\\ConvertisseurSalaireVueJS\\src\\routes.js","statementMap":{},"fnMap":{},"branchMap":{},"s":{},"f":{},"b":{},"_coverageSchema":"1a1c01bbd47fc00a2c39e90264f33305004495a9","hash":"cbfc9b0409ff16edbd0480dc7b1db0cc6a6e4ecd"}
,"C:\\Users\\crd\\github\\ConvertisseurSalaireVueJS\\src\\components\\contents\\textContent.vue": {"path":"C:\\Users\\crd\\github\\ConvertisseurSalaireVueJS\\src\\components\\contents\\textContent.vue","statementMap":{"0":{"start":{"line":22,"column":0},"end":{"line":22,"column":null}}},"fnMap":{},"branchMap":{},"s":{"0":1},"f":{},"b":{}}
,"C:\\Users\\crd\\github\\ConvertisseurSalaireVueJS\\src\\components\\layouts\\level1MainLayout.vue": {"path":"C:\\Users\\crd\\github\\ConvertisseurSalaireVueJS\\src\\components\\layouts\\level1MainLayout.vue","statementMap":{"0":{"start":{"line":55,"column":0},"end":{"line":55,"column":null}}},"fnMap":{"0":{"name":"data","decl":{"start":{"line":54,"column":0},"end":{"line":54,"column":null}},"loc":{"start":{"line":54,"column":0},"end":{"line":56,"column":null}}}},"branchMap":{},"s":{"0":1},"f":{"0":1},"b":{}}
,"C:\\Users\\crd\\github\\ConvertisseurSalaireVueJS\\src\\components\\pages\\legalNoticePage.vue": {"path":"C:\\Users\\crd\\github\\ConvertisseurSalaireVueJS\\src\\components\\pages\\legalNoticePage.vue","statementMap":{"0":{"start":{"line":8,"column":0},"end":{"line":8,"column":null}}},"fnMap":{},"branchMap":{},"s":{"0":1},"f":{},"b":{}}
,"C:\\Users\\crd\\github\\ConvertisseurSalaireVueJS\\src\\components\\pages\\simulationPage.vue": {"path":"C:\\Users\\crd\\github\\ConvertisseurSalaireVueJS\\src\\components\\pages\\simulationPage.vue","statementMap":{"0":{"start":{"line":190,"column":0},"end":{"line":190,"column":null}},"1":{"start":{"line":191,"column":0},"end":{"line":191,"column":null}},"2":{"start":{"line":192,"column":0},"end":{"line":192,"column":null}},"3":{"start":{"line":193,"column":0},"end":{"line":193,"column":null}},"4":{"start":{"line":194,"column":0},"end":{"line":194,"column":null}},"5":{"start":{"line":195,"column":0},"end":{"line":195,"column":null}},"6":{"start":{"line":196,"column":0},"end":{"line":196,"column":null}},"7":{"start":{"line":197,"column":0},"end":{"line":197,"column":null}},"8":{"start":{"line":211,"column":0},"end":{"line":211,"column":null}},"9":{"start":{"line":247,"column":0},"end":{"line":247,"column":null}},"10":{"start":{"line":250,"column":0},"end":{"line":250,"column":null}},"11":{"start":{"line":258,"column":0},"end":{"line":269,"column":null}},"12":{"start":{"line":259,"column":0},"end":{"line":259,"column":null}},"13":{"start":{"line":268,"column":0},"end":{"line":268,"column":null}},"14":{"start":{"line":272,"column":0},"end":{"line":279,"column":null}},"15":{"start":{"line":273,"column":0},"end":{"line":273,"column":null}},"16":{"start":{"line":278,"column":0},"end":{"line":278,"column":null}},"17":{"start":{"line":282,"column":0},"end":{"line":282,"column":null}},"18":{"start":{"line":283,"column":0},"end":{"line":304,"column":null}},"19":{"start":{"line":283,"column":0},"end":{"line":283,"column":null}},"20":{"start":{"line":285,"column":0},"end":{"line":285,"column":null}},"21":{"start":{"line":291,"column":0},"end":{"line":291,"column":null}},"22":{"start":{"line":293,"column":0},"end":{"line":293,"column":null}},"23":{"start":{"line":294,"column":0},"end":{"line":294,"column":null}},"24":{"start":{"line":296,"column":0},"end":{"line":296,"column":null}},"25":{"start":{"line":297,"column":0},"end":{"line":297,"column":null}},"26":{"start":{"line":299,"column":0},"end":{"line":299,"column":null}},"27":{"start":{"line":300,"column":0},"end":{"line":300,"column":null}},"28":{"start":{"line":303,"column":0},"end":{"line":303,"column":null}},"29":{"start":{"line":306,"column":0},"end":{"line":308,"column":null}},"30":{"start":{"line":307,"column":0},"end":{"line":307,"column":null}},"31":{"start":{"line":310,"column":0},"end":{"line":310,"column":null}},"32":{"start":{"line":313,"column":0},"end":{"line":313,"column":null}},"33":{"start":{"line":316,"column":0},"end":{"line":316,"column":null}},"34":{"start":{"line":319,"column":0},"end":{"line":319,"column":null}},"35":{"start":{"line":322,"column":0},"end":{"line":322,"column":null}},"36":{"start":{"line":325,"column":0},"end":{"line":325,"column":null}},"37":{"start":{"line":328,"column":0},"end":{"line":328,"column":null}},"38":{"start":{"line":333,"column":0},"end":{"line":333,"column":null}},"39":{"start":{"line":334,"column":0},"end":{"line":334,"column":null}},"40":{"start":{"line":337,"column":0},"end":{"line":337,"column":null}},"41":{"start":{"line":338,"column":0},"end":{"line":338,"column":null}},"42":{"start":{"line":344,"column":0},"end":{"line":344,"column":null}},"43":{"start":{"line":345,"column":0},"end":{"line":354,"column":null}},"44":{"start":{"line":346,"column":0},"end":{"line":346,"column":null}},"45":{"start":{"line":348,"column":0},"end":{"line":353,"column":null}},"46":{"start":{"line":349,"column":0},"end":{"line":349,"column":null}},"47":{"start":{"line":352,"column":0},"end":{"line":352,"column":null}},"48":{"start":{"line":355,"column":0},"end":{"line":358,"column":null}},"49":{"start":{"line":356,"column":0},"end":{"line":356,"column":null}},"50":{"start":{"line":357,"column":0},"end":{"line":357,"column":null}},"51":{"start":{"line":359,"column":0},"end":{"line":362,"column":null}},"52":{"start":{"line":360,"column":0},"end":{"line":360,"column":null}},"53":{"start":{"line":361,"column":0},"end":{"line":361,"column":null}},"54":{"start":{"line":363,"column":0},"end":{"line":372,"column":null}},"55":{"start":{"line":364,"column":0},"end":{"line":364,"column":null}},"56":{"start":{"line":366,"column":0},"end":{"line":371,"column":null}},"57":{"start":{"line":367,"column":0},"end":{"line":367,"column":null}},"58":{"start":{"line":370,"column":0},"end":{"line":370,"column":null}}},"fnMap":{"0":{"name":"data","decl":{"start":{"line":210,"column":0},"end":{"line":210,"column":null}},"loc":{"start":{"line":210,"column":0},"end":{"line":244,"column":null}}},"1":{"name":"displayOvertime","decl":{"start":{"line":246,"column":0},"end":{"line":246,"column":null}},"loc":{"start":{"line":246,"column":0},"end":{"line":248,"column":null}}},"2":{"name":"wage","decl":{"start":{"line":249,"column":0},"end":{"line":249,"column":null}},"loc":{"start":{"line":249,"column":0},"end":{"line":256,"column":null}}},"3":{"name":"wageOvertime","decl":{"start":{"line":257,"column":0},"end":{"line":257,"column":null}},"loc":{"start":{"line":257,"column":0},"end":{"line":270,"column":null}}},"4":{"name":"wageTicket","decl":{"start":{"line":271,"column":0},"end":{"line":271,"column":null}},"loc":{"start":{"line":271,"column":0},"end":{"line":280,"column":null}}},"5":{"name":"wagePrime","decl":{"start":{"line":281,"column":0},"end":{"line":281,"column":null}},"loc":{"start":{"line":281,"column":0},"end":{"line":311,"column":null}}},"6":{"name":"salary","decl":{"start":{"line":312,"column":0},"end":{"line":312,"column":null}},"loc":{"start":{"line":312,"column":0},"end":{"line":314,"column":null}}},"7":{"name":"salaryWithPrimes","decl":{"start":{"line":315,"column":0},"end":{"line":315,"column":null}},"loc":{"start":{"line":315,"column":0},"end":{"line":317,"column":null}}},"8":{"name":"thirteenthMonth","decl":{"start":{"line":318,"column":0},"end":{"line":318,"column":null}},"loc":{"start":{"line":318,"column":0},"end":{"line":320,"column":null}}},"9":{"name":"ifm","decl":{"start":{"line":321,"column":0},"end":{"line":321,"column":null}},"loc":{"start":{"line":321,"column":0},"end":{"line":323,"column":null}}},"10":{"name":"cp","decl":{"start":{"line":324,"column":0},"end":{"line":324,"column":null}},"loc":{"start":{"line":324,"column":0},"end":{"line":326,"column":null}}},"11":{"name":"salaryTotal","decl":{"start":{"line":327,"column":0},"end":{"line":327,"column":null}},"loc":{"start":{"line":327,"column":0},"end":{"line":329,"column":null}}},"12":{"name":"minimumWage","decl":{"start":{"line":332,"column":0},"end":{"line":332,"column":null}},"loc":{"start":{"line":332,"column":0},"end":{"line":335,"column":null}}},"13":{"name":"addItem","decl":{"start":{"line":336,"column":0},"end":{"line":336,"column":null}},"loc":{"start":{"line":336,"column":0},"end":{"line":342,"column":null}}},"14":{"name":"created","decl":{"start":{"line":344,"column":0},"end":{"line":344,"column":null}},"loc":{"start":{"line":344,"column":0},"end":{"line":373,"column":null}}},"15":{"name":"(anonymous_17)","decl":{"start":{"line":345,"column":0},"end":{"line":345,"column":null}},"loc":{"start":{"line":345,"column":0},"end":{"line":354,"column":null}}},"16":{"name":"(anonymous_18)","decl":{"start":{"line":355,"column":0},"end":{"line":355,"column":null}},"loc":{"start":{"line":355,"column":0},"end":{"line":358,"column":null}}},"17":{"name":"(anonymous_19)","decl":{"start":{"line":359,"column":0},"end":{"line":359,"column":null}},"loc":{"start":{"line":359,"column":0},"end":{"line":362,"column":null}}},"18":{"name":"(anonymous_20)","decl":{"start":{"line":363,"column":0},"end":{"line":363,"column":null}},"loc":{"start":{"line":363,"column":0},"end":{"line":372,"column":null}}}},"branchMap":{"0":{"loc":{"start":{"line":247,"column":0},"end":{"line":247,"column":null}},"type":"cond-expr","locations":[{"start":{"line":247,"column":0},"end":{"line":247,"column":null}},{"start":{"line":247,"column":0},"end":{"line":247,"column":null}}]},"1":{"loc":{"start":{"line":258,"column":0},"end":{"line":269,"column":null}},"type":"if","locations":[{"start":{"line":258,"column":0},"end":{"line":269,"column":null}},{"start":{"line":258,"column":0},"end":{"line":269,"column":null}}]},"2":{"loc":{"start":{"line":272,"column":0},"end":{"line":279,"column":null}},"type":"if","locations":[{"start":{"line":272,"column":0},"end":{"line":279,"column":null}},{"start":{"line":272,"column":0},"end":{"line":279,"column":null}}]},"3":{"loc":{"start":{"line":292,"column":0},"end":{"line":294,"column":null}},"type":"switch","locations":[{"start":{"line":292,"column":0},"end":{"line":294,"column":null}},{"start":{"line":295,"column":0},"end":{"line":297,"column":null}},{"start":{"line":298,"column":0},"end":{"line":300,"column":null}}]},"4":{"loc":{"start":{"line":306,"column":0},"end":{"line":308,"column":null}},"type":"if","locations":[{"start":{"line":306,"column":0},"end":{"line":308,"column":null}},{"start":{"line":306,"column":0},"end":{"line":308,"column":null}}]},"5":{"loc":{"start":{"line":319,"column":0},"end":{"line":319,"column":null}},"type":"cond-expr","locations":[{"start":{"line":319,"column":0},"end":{"line":319,"column":null}},{"start":{"line":319,"column":0},"end":{"line":319,"column":null}}]},"6":{"loc":{"start":{"line":348,"column":0},"end":{"line":353,"column":null}},"type":"if","locations":[{"start":{"line":348,"column":0},"end":{"line":353,"column":null}},{"start":{"line":348,"column":0},"end":{"line":353,"column":null}}]},"7":{"loc":{"start":{"line":366,"column":0},"end":{"line":371,"column":null}},"type":"if","locations":[{"start":{"line":366,"column":0},"end":{"line":371,"column":null}},{"start":{"line":366,"column":0},"end":{"line":371,"column":null}}]}},"s":{"0":1,"1":1,"2":1,"3":1,"4":1,"5":1,"6":1,"7":1,"8":1,"9":2,"10":4,"11":3,"12":2,"13":1,"14":3,"15":2,"16":1,"17":5,"18":5,"19":5,"20":11,"21":11,"22":8,"23":8,"24":0,"25":0,"26":3,"27":3,"28":11,"29":5,"30":1,"31":5,"32":5,"33":11,"34":2,"35":6,"36":6,"37":12,"38":1,"39":1,"40":1,"41":1,"42":1,"43":1,"44":5,"45":5,"46":2,"47":3,"48":1,"49":3,"50":3,"51":1,"52":2,"53":2,"54":1,"55":1,"56":1,"57":1,"58":0},"f":{"0":1,"1":2,"2":4,"3":3,"4":3,"5":5,"6":5,"7":11,"8":2,"9":6,"10":6,"11":12,"12":1,"13":1,"14":1,"15":5,"16":3,"17":2,"18":1},"b":{"0":[1,1],"1":[2,1],"2":[2,1],"3":[8,0,3],"4":[1,4],"5":[1,1],"6":[2,3],"7":[1,0]}}
,"C:\\Users\\crd\\github\\ConvertisseurSalaireVueJS\\src\\components\\pages\\understandingPage.vue": {"path":"C:\\Users\\crd\\github\\ConvertisseurSalaireVueJS\\src\\components\\pages\\understandingPage.vue","statementMap":{"0":{"start":{"line":10,"column":0},"end":{"line":10,"column":null}}},"fnMap":{},"branchMap":{},"s":{"0":1},"f":{},"b":{}}
,"C:\\Users\\crd\\github\\ConvertisseurSalaireVueJS\\src\\components\\widgets\\dropDownWidget.vue": {"path":"C:\\Users\\crd\\github\\ConvertisseurSalaireVueJS\\src\\components\\widgets\\dropDownWidget.vue","statementMap":{"0":{"start":{"line":15,"column":0},"end":{"line":15,"column":null}},"1":{"start":{"line":35,"column":0},"end":{"line":35,"column":null}},"2":{"start":{"line":36,"column":0},"end":{"line":36,"column":null}}},"fnMap":{"0":{"name":"selectOption","decl":{"start":{"line":34,"column":0},"end":{"line":34,"column":null}},"loc":{"start":{"line":34,"column":0},"end":{"line":37,"column":null}}}},"branchMap":{},"s":{"0":1,"1":2,"2":2},"f":{"0":2},"b":{}}
,"C:\\Users\\crd\\github\\ConvertisseurSalaireVueJS\\src\\components\\widgets\\inputWidget.vue": {"path":"C:\\Users\\crd\\github\\ConvertisseurSalaireVueJS\\src\\components\\widgets\\inputWidget.vue","statementMap":{"0":{"start":{"line":15,"column":0},"end":{"line":15,"column":null}},"1":{"start":{"line":32,"column":0},"end":{"line":32,"column":null}},"2":{"start":{"line":35,"column":0},"end":{"line":35,"column":null}},"3":{"start":{"line":36,"column":0},"end":{"line":36,"column":null}}},"fnMap":{"0":{"name":"get","decl":{"start":{"line":31,"column":0},"end":{"line":31,"column":null}},"loc":{"start":{"line":31,"column":0},"end":{"line":33,"column":null}}},"1":{"name":"set","decl":{"start":{"line":34,"column":0},"end":{"line":34,"column":null}},"loc":{"start":{"line":34,"column":0},"end":{"line":37,"column":null}}}},"branchMap":{},"s":{"0":1,"1":61,"2":5,"3":5},"f":{"0":61,"1":5},"b":{}}
,"C:\\Users\\crd\\github\\ConvertisseurSalaireVueJS\\src\\components\\widgets\\radioWidget.vue": {"path":"C:\\Users\\crd\\github\\ConvertisseurSalaireVueJS\\src\\components\\widgets\\radioWidget.vue","statementMap":{"0":{"start":{"line":16,"column":0},"end":{"line":16,"column":null}},"1":{"start":{"line":36,"column":0},"end":{"line":38,"column":null}},"2":{"start":{"line":37,"column":0},"end":{"line":37,"column":null}},"3":{"start":{"line":41,"column":0},"end":{"line":41,"column":null}},"4":{"start":{"line":42,"column":0},"end":{"line":42,"column":null}}},"fnMap":{"0":{"name":"isChecked","decl":{"start":{"line":35,"column":0},"end":{"line":35,"column":null}},"loc":{"start":{"line":35,"column":0},"end":{"line":39,"column":null}}},"1":{"name":"updateRadio","decl":{"start":{"line":40,"column":0},"end":{"line":40,"column":null}},"loc":{"start":{"line":40,"column":0},"end":{"line":43,"column":null}}}},"branchMap":{"0":{"loc":{"start":{"line":36,"column":0},"end":{"line":38,"column":null}},"type":"if","locations":[{"start":{"line":36,"column":0},"end":{"line":38,"column":null}},{"start":{"line":36,"column":0},"end":{"line":38,"column":null}}]}},"s":{"0":1,"1":75,"2":25,"3":1,"4":1},"f":{"0":75,"1":1},"b":{"0":[25,50]}}
,"C:\\Users\\crd\\github\\ConvertisseurSalaireVueJS\\src\\components\\widgets\\switchWidget.vue": {"path":"C:\\Users\\crd\\github\\ConvertisseurSalaireVueJS\\src\\components\\widgets\\switchWidget.vue","statementMap":{"0":{"start":{"line":16,"column":0},"end":{"line":16,"column":null}},"1":{"start":{"line":28,"column":0},"end":{"line":28,"column":null}},"2":{"start":{"line":29,"column":0},"end":{"line":29,"column":null}}},"fnMap":{"0":{"name":"toogle","decl":{"start":{"line":27,"column":0},"end":{"line":27,"column":null}},"loc":{"start":{"line":27,"column":0},"end":{"line":30,"column":null}}}},"branchMap":{},"s":{"0":1,"1":3,"2":3},"f":{"0":3},"b":{}}
}
