TN:
SF:src\main.js
FN:42,(anonymous_0)
FNF:1
FNH:1
FNDA:2,(anonymous_0)
DA:12,1
DA:14,1
DA:15,1
DA:16,1
DA:17,1
DA:22,1
DA:24,1
DA:29,1
DA:31,1
DA:37,1
DA:39,1
DA:42,2
LF:12
LH:12
BRF:0
BRH:0
end_of_record
TN:
SF:src\routes.js
FNF:0
FNH:0
LF:0
LH:0
BRF:0
BRH:0
end_of_record
TN:
SF:src\components\contents\textContent.vue
FNF:0
FNH:0
DA:22,1
LF:1
LH:1
BRF:0
BRH:0
end_of_record
TN:
SF:src\components\layouts\level1MainLayout.vue
FN:54,data
FNF:1
FNH:1
FNDA:1,data
DA:55,1
LF:1
LH:1
BRF:0
BRH:0
end_of_record
TN:
SF:src\components\pages\legalNoticePage.vue
FNF:0
FNH:0
DA:8,1
LF:1
LH:1
BRF:0
BRH:0
end_of_record
TN:
SF:src\components\pages\simulationPage.vue
FN:210,data
FN:246,displayOvertime
FN:249,wage
FN:257,wageOvertime
FN:271,wageTicket
FN:281,wagePrime
FN:312,salary
FN:315,salaryWithPrimes
FN:318,thirteenthMonth
FN:321,ifm
FN:324,cp
FN:327,salaryTotal
FN:332,minimumWage
FN:336,addItem
FN:344,created
FN:345,(anonymous_17)
FN:355,(anonymous_18)
FN:359,(anonymous_19)
FN:363,(anonymous_20)
FNF:19
FNH:19
FNDA:1,data
FNDA:2,displayOvertime
FNDA:4,wage
FNDA:3,wageOvertime
FNDA:3,wageTicket
FNDA:5,wagePrime
FNDA:5,salary
FNDA:11,salaryWithPrimes
FNDA:2,thirteenthMonth
FNDA:6,ifm
FNDA:6,cp
FNDA:12,salaryTotal
FNDA:1,minimumWage
FNDA:1,addItem
FNDA:1,created
FNDA:5,(anonymous_17)
FNDA:3,(anonymous_18)
FNDA:2,(anonymous_19)
FNDA:1,(anonymous_20)
DA:190,1
DA:191,1
DA:192,1
DA:193,1
DA:194,1
DA:195,1
DA:196,1
DA:197,1
DA:211,1
DA:247,2
DA:250,4
DA:258,3
DA:259,2
DA:268,1
DA:272,3
DA:273,2
DA:278,1
DA:282,5
DA:283,5
DA:285,11
DA:291,11
DA:293,8
DA:294,8
DA:296,0
DA:297,0
DA:299,3
DA:300,3
DA:303,11
DA:306,5
DA:307,1
DA:310,5
DA:313,5
DA:316,11
DA:319,2
DA:322,6
DA:325,6
DA:328,12
DA:333,1
DA:334,1
DA:337,1
DA:338,1
DA:344,1
DA:345,1
DA:346,5
DA:348,5
DA:349,2
DA:352,3
DA:355,1
DA:356,3
DA:357,3
DA:359,1
DA:360,2
DA:361,2
DA:363,1
DA:364,1
DA:366,1
DA:367,1
DA:370,0
LF:58
LH:55
BRDA:247,0,0,1
BRDA:247,0,1,1
BRDA:258,1,0,2
BRDA:258,1,1,1
BRDA:272,2,0,2
BRDA:272,2,1,1
BRDA:292,3,0,8
BRDA:292,3,1,0
BRDA:292,3,2,3
BRDA:306,4,0,1
BRDA:306,4,1,4
BRDA:319,5,0,1
BRDA:319,5,1,1
BRDA:348,6,0,2
BRDA:348,6,1,3
BRDA:366,7,0,1
BRDA:366,7,1,0
BRF:17
BRH:15
end_of_record
TN:
SF:src\components\pages\understandingPage.vue
FNF:0
FNH:0
DA:10,1
LF:1
LH:1
BRF:0
BRH:0
end_of_record
TN:
SF:src\components\widgets\dropDownWidget.vue
FN:34,selectOption
FNF:1
FNH:1
FNDA:2,selectOption
DA:15,1
DA:35,2
DA:36,2
LF:3
LH:3
BRF:0
BRH:0
end_of_record
TN:
SF:src\components\widgets\inputWidget.vue
FN:31,get
FN:34,set
FNF:2
FNH:2
FNDA:61,get
FNDA:5,set
DA:15,1
DA:32,61
DA:35,5
DA:36,5
LF:4
LH:4
BRF:0
BRH:0
end_of_record
TN:
SF:src\components\widgets\radioWidget.vue
FN:35,isChecked
FN:40,updateRadio
FNF:2
FNH:2
FNDA:75,isChecked
FNDA:1,updateRadio
DA:16,1
DA:36,75
DA:37,25
DA:41,1
DA:42,1
LF:5
LH:5
BRDA:36,0,0,25
BRDA:36,0,1,50
BRF:2
BRH:2
end_of_record
TN:
SF:src\components\widgets\switchWidget.vue
FN:27,toogle
FNF:1
FNH:1
FNDA:3,toogle
DA:16,1
DA:28,3
DA:29,3
LF:3
LH:3
BRF:0
BRH:0
end_of_record
